DEBUG LocalJobRunner Map Task Executor #0 org.apache.hadoop.mapred.Task - using new api for output committer
INFO LocalJobRunner Map Task Executor #0 org.apache.hadoop.mapreduce.lib.output.FileOutputCommitter - File Output Committer Algorithm version is 1
INFO LocalJobRunner Map Task Executor #0 org.apache.hadoop.yarn.util.ProcfsBasedProcessTree - ProcfsBasedProcessTree currently is supported only on Linux.
INFO LocalJobRunner Map Task Executor #0 org.apache.hadoop.mapred.Task -  Using ResourceCalculatorProcessTree : null
INFO LocalJobRunner Map Task Executor #0 org.apache.hadoop.mapred.MapTask - Processing split: file:/Users/songyanshan/Desktop/CS562 Database/Project/P2/TriangleCounting_Hadoop/src/main/naive_output1/part-r-00000:100663296+33554432
DEBUG LocalJobRunner Map Task Executor #0 org.apache.hadoop.mapred.MapTask - Trying map output collector class: org.apache.hadoop.mapred.MapTask$MapOutputBuffer
INFO LocalJobRunner Map Task Executor #0 org.apache.hadoop.mapred.MapTask - (EQUATOR) 0 kvi 26214396(104857584)
INFO LocalJobRunner Map Task Executor #0 org.apache.hadoop.mapred.MapTask - mapreduce.task.io.sort.mb: 100
INFO LocalJobRunner Map Task Executor #0 org.apache.hadoop.mapred.MapTask - soft limit at 83886080
INFO LocalJobRunner Map Task Executor #0 org.apache.hadoop.mapred.MapTask - bufstart = 0; bufvoid = 104857600
INFO LocalJobRunner Map Task Executor #0 org.apache.hadoop.mapred.MapTask - kvstart = 26214396; length = 6553600
INFO LocalJobRunner Map Task Executor #0 org.apache.hadoop.mapred.MapTask - Map output collector class = org.apache.hadoop.mapred.MapTask$MapOutputBuffer
INFO LocalJobRunner Map Task Executor #0 org.apache.hadoop.mapred.MapTask - Spilling map output
INFO LocalJobRunner Map Task Executor #0 org.apache.hadoop.mapred.MapTask - bufstart = 0; bufend = 42276122; bufvoid = 104857600
INFO LocalJobRunner Map Task Executor #0 org.apache.hadoop.mapred.MapTask - kvstart = 26214396(104857584); kvend = 15811912(63247648); length = 10402485/6553600
INFO LocalJobRunner Map Task Executor #0 org.apache.hadoop.mapred.MapTask - (EQUATOR) 52761866 kvi 13190460(52761840)
DEBUG Thread-3 org.apache.hadoop.mapreduce.lib.jobcontrol.JobControl - Checking state of job job name:	job2
job id:	jobCtrl1
job state:	RUNNING
job mapred id:	job_local1468410385_0002
job message:	just initialized
job has 1 dependeng jobs:
	 depending job 0:	job1

DEBUG Thread-3 org.apache.hadoop.security.UserGroupInformation - PrivilegedAction as:songyanshan (auth:SIMPLE) from:org.apache.hadoop.mapreduce.Job.updateStatus(Job.java:320)
INFO SpillThread org.apache.hadoop.mapred.MapTask - Finished spill 0
INFO LocalJobRunner Map Task Executor #0 org.apache.hadoop.mapred.MapTask - (RESET) equator 52761866 kv 13190460(52761840) kvi 10569036(42276144)
INFO LocalJobRunner Map Task Executor #0 org.apache.hadoop.mapred.MapTask - Spilling map output
INFO LocalJobRunner Map Task Executor #0 org.apache.hadoop.mapred.MapTask - bufstart = 52761866; bufend = 94681393; bufvoid = 104857600
INFO LocalJobRunner Map Task Executor #0 org.apache.hadoop.mapred.MapTask - kvstart = 13190460(52761840); kvend = 2698824(10795296); length = 10491637/6553600
INFO LocalJobRunner Map Task Executor #0 org.apache.hadoop.mapred.MapTask - (EQUATOR) 309521 kvi 77376(309504)
INFO LocalJobRunner Map Task Executor #0 org.apache.hadoop.mapred.LocalJobRunner - 
INFO LocalJobRunner Map Task Executor #0 org.apache.hadoop.mapred.MapTask - Starting flush of map output
INFO communication thread org.apache.hadoop.mapred.LocalJobRunner - map > sort
INFO SpillThread org.apache.hadoop.mapred.MapTask - Finished spill 1
INFO LocalJobRunner Map Task Executor #0 org.apache.hadoop.mapred.MapTask - (RESET) equator 309521 kv 77376(309504) kvi 26077028(104308112)
INFO LocalJobRunner Map Task Executor #0 org.apache.hadoop.mapred.MapTask - Spilling map output
INFO LocalJobRunner Map Task Executor #0 org.apache.hadoop.mapred.MapTask - bufstart = 309521; bufend = 1153373; bufvoid = 104857600
INFO LocalJobRunner Map Task Executor #0 org.apache.hadoop.mapred.MapTask - kvstart = 77376(309504); kvend = 26077032(104308128); length = 214745/6553600
INFO LocalJobRunner Map Task Executor #0 org.apache.hadoop.mapred.MapTask - Finished spill 2
DEBUG LocalJobRunner Map Task Executor #0 org.apache.hadoop.mapred.MapTask - MapId=attempt_local1468410385_0002_m_000004_0 Reducer=0Spill =0(0,47477368, 47477372)
DEBUG LocalJobRunner Map Task Executor #0 org.apache.hadoop.mapred.MapTask - MapId=attempt_local1468410385_0002_m_000004_0 Reducer=0Spill =1(0,47165349, 47165353)
DEBUG LocalJobRunner Map Task Executor #0 org.apache.hadoop.mapred.MapTask - MapId=attempt_local1468410385_0002_m_000004_0 Reducer=0Spill =2(0,951228, 951232)
INFO LocalJobRunner Map Task Executor #0 org.apache.hadoop.mapred.Merger - Merging 3 sorted segments
INFO LocalJobRunner Map Task Executor #0 org.apache.hadoop.mapred.Merger - Down to the last merge-pass, with 3 segments left of total size: 95593917 bytes
DEBUG Thread-3 org.apache.hadoop.mapreduce.lib.jobcontrol.JobControl - Checking state of job job name:	job2
job id:	jobCtrl1
job state:	RUNNING
job mapred id:	job_local1468410385_0002
job message:	just initialized
job has 1 dependeng jobs:
	 depending job 0:	job1

DEBUG Thread-3 org.apache.hadoop.security.UserGroupInformation - PrivilegedAction as:songyanshan (auth:SIMPLE) from:org.apache.hadoop.mapreduce.Job.updateStatus(Job.java:320)
INFO communication thread org.apache.hadoop.mapred.LocalJobRunner - map > sort > 
INFO LocalJobRunner Map Task Executor #0 org.apache.hadoop.mapred.Task - Task:attempt_local1468410385_0002_m_000004_0 is done. And is in the process of committing
INFO LocalJobRunner Map Task Executor #0 org.apache.hadoop.mapred.LocalJobRunner - map > sort
INFO LocalJobRunner Map Task Executor #0 org.apache.hadoop.mapred.Task - Task 'attempt_local1468410385_0002_m_000004_0' done.
INFO LocalJobRunner Map Task Executor #0 org.apache.hadoop.mapred.Task - Final Counters for attempt_local1468410385_0002_m_000004_0: Counters: 17
	File System Counters
		FILE: Number of bytes read=716770292
		FILE: Number of bytes written=1251009469
		FILE: Number of read operations=0
		FILE: Number of large read operations=0
		FILE: Number of write operations=0
	Map-Reduce Framework
		Map input records=1759073
		Map output records=5277219
		Map output bytes=85039501
		Map output materialized bytes=95593945
		Input split bytes=182
		Combine input records=0
		Spilled Records=10554438
		Failed Shuffles=0
		Merged Map outputs=0
		GC time elapsed (ms)=57
		Total committed heap usage (bytes)=1095237632
	File Input Format Counters 
		Bytes Read=33828864
INFO LocalJobRunner Map Task Executor #0 org.apache.hadoop.mapred.LocalJobRunner - Finishing task: attempt_local1468410385_0002_m_000004_0
INFO LocalJobRunner Map Task Executor #0 org.apache.hadoop.mapred.LocalJobRunner - Starting task: attempt_local1468410385_0002_m_000005_0
DEBUG LocalJobRunner Map Task Executor #0 org.apache.hadoop.mapred.SortedRanges - currentIndex 0   0:0
DEBUG LocalJobRunner Map Task Executor #0 org.apache.hadoop.mapred.LocalJobRunner - mapreduce.cluster.local.dir for child : /tmp/hadoop-songyanshan/mapred/local/localRunner//songyanshan/jobcache/job_local1468410385_0002/attempt_local1468410385_0002_m_000005_0
DEBUG LocalJobRunner Map Task Executor #0 org.apache.hadoop.mapred.Task - using new api for output committer
INFO LocalJobRunner Map Task Executor #0 org.apache.hadoop.mapreduce.lib.output.FileOutputCommitter - File Output Committer Algorithm version is 1
INFO LocalJobRunner Map Task Executor #0 org.apache.hadoop.yarn.util.ProcfsBasedProcessTree - ProcfsBasedProcessTree currently is supported only on Linux.
INFO LocalJobRunner Map Task Executor #0 org.apache.hadoop.mapred.Task -  Using ResourceCalculatorProcessTree : null
INFO LocalJobRunner Map Task Executor #0 org.apache.hadoop.mapred.MapTask - Processing split: file:/Users/songyanshan/Desktop/CS562 Database/Project/P2/TriangleCounting_Hadoop/src/main/naive_output1/part-r-00000:134217728+33554432
DEBUG LocalJobRunner Map Task Executor #0 org.apache.hadoop.mapred.MapTask - Trying map output collector class: org.apache.hadoop.mapred.MapTask$MapOutputBuffer
INFO LocalJobRunner Map Task Executor #0 org.apache.hadoop.mapred.MapTask - (EQUATOR) 0 kvi 26214396(104857584)
INFO LocalJobRunner Map Task Executor #0 org.apache.hadoop.mapred.MapTask - mapreduce.task.io.sort.mb: 100
INFO LocalJobRunner Map Task Executor #0 org.apache.hadoop.mapred.MapTask - soft limit at 83886080
INFO LocalJobRunner Map Task Executor #0 org.apache.hadoop.mapred.MapTask - bufstart = 0; bufvoid = 104857600
INFO LocalJobRunner Map Task Executor #0 org.apache.hadoop.mapred.MapTask - kvstart = 26214396; length = 6553600
INFO LocalJobRunner Map Task Executor #0 org.apache.hadoop.mapred.MapTask - Map output collector class = org.apache.hadoop.mapred.MapTask$MapOutputBuffer
INFO LocalJobRunner Map Task Executor #0 org.apache.hadoop.mapred.MapTask - Spilling map output
INFO LocalJobRunner Map Task Executor #0 org.apache.hadoop.mapred.MapTask - bufstart = 0; bufend = 41606427; bufvoid = 104857600
INFO LocalJobRunner Map Task Executor #0 org.apache.hadoop.mapred.MapTask - kvstart = 26214396(104857584); kvend = 15644488(62577952); length = 10569909/6553600
INFO LocalJobRunner Map Task Executor #0 org.apache.hadoop.mapred.MapTask - (EQUATOR) 52092181 kvi 13023040(52092160)
DEBUG Thread-3 org.apache.hadoop.mapreduce.lib.jobcontrol.JobControl - Checking state of job job name:	job2
job id:	jobCtrl1
job state:	RUNNING
job mapred id:	job_local1468410385_0002
job message:	just initialized
job has 1 dependeng jobs:
	 depending job 0:	job1

DEBUG Thread-3 org.apache.hadoop.security.UserGroupInformation - PrivilegedAction as:songyanshan (auth:SIMPLE) from:org.apache.hadoop.mapreduce.Job.updateStatus(Job.java:320)
INFO SpillThread org.apache.hadoop.mapred.MapTask - Finished spill 0
INFO LocalJobRunner Map Task Executor #0 org.apache.hadoop.mapred.MapTask - (RESET) equator 52092181 kv 13023040(52092160) kvi 10401612(41606448)
INFO LocalJobRunner Map Task Executor #0 org.apache.hadoop.mapred.MapTask - Spilling map output
INFO LocalJobRunner Map Task Executor #0 org.apache.hadoop.mapred.MapTask - bufstart = 52092181; bufend = 93516217; bufvoid = 104857600
INFO LocalJobRunner Map Task Executor #0 org.apache.hadoop.mapred.MapTask - kvstart = 13023040(52092160); kvend = 2407536(9630144); length = 10615505/6553600
INFO LocalJobRunner Map Task Executor #0 org.apache.hadoop.mapred.MapTask - (EQUATOR) 104001972 kvi 26000488(104001952)
INFO LocalJobRunner Map Task Executor #0 org.apache.hadoop.mapred.LocalJobRunner - 
INFO LocalJobRunner Map Task Executor #0 org.apache.hadoop.mapred.MapTask - Starting flush of map output
INFO communication thread org.apache.hadoop.mapred.LocalJobRunner - map > sort
INFO SpillThread org.apache.hadoop.mapred.MapTask - Finished spill 1
INFO LocalJobRunner Map Task Executor #0 org.apache.hadoop.mapred.MapTask - (RESET) equator 104001972 kv 26000488(104001952) kvi 25508604(102034416)
INFO LocalJobRunner Map Task Executor #0 org.apache.hadoop.mapred.MapTask - Spilling map output
INFO LocalJobRunner Map Task Executor #0 org.apache.hadoop.mapred.MapTask - bufstart = 104001972; bufend = 1071153; bufvoid = 104857596
INFO LocalJobRunner Map Task Executor #0 org.apache.hadoop.mapred.MapTask - kvstart = 26000488(104001952); kvend = 25508608(102034432); length = 491881/6553600
DEBUG Thread-3 org.apache.hadoop.mapreduce.lib.jobcontrol.JobControl - Checking state of job job name:	job2
job id:	jobCtrl1
job state:	RUNNING
job mapred id:	job_local1468410385_0002
job message:	just initialized
job has 1 dependeng jobs:
	 depending job 0:	job1

DEBUG Thread-3 org.apache.hadoop.security.UserGroupInformation - PrivilegedAction as:songyanshan (auth:SIMPLE) from:org.apache.hadoop.mapreduce.Job.updateStatus(Job.java:320)
INFO LocalJobRunner Map Task Executor #0 org.apache.hadoop.mapred.MapTask - Finished spill 2
DEBUG LocalJobRunner Map Task Executor #0 org.apache.hadoop.mapred.MapTask - MapId=attempt_local1468410385_0002_m_000005_0 Reducer=0Spill =0(0,46891385, 46891389)
DEBUG LocalJobRunner Map Task Executor #0 org.apache.hadoop.mapred.MapTask - MapId=attempt_local1468410385_0002_m_000005_0 Reducer=0Spill =1(0,46731792, 46731796)
DEBUG LocalJobRunner Map Task Executor #0 org.apache.hadoop.mapred.MapTask - MapId=attempt_local1468410385_0002_m_000005_0 Reducer=0Spill =2(0,2172721, 2172725)
INFO LocalJobRunner Map Task Executor #0 org.apache.hadoop.mapred.Merger - Merging 3 sorted segments
INFO LocalJobRunner Map Task Executor #0 org.apache.hadoop.mapred.Merger - Down to the last merge-pass, with 3 segments left of total size: 95795868 bytes
INFO communication thread org.apache.hadoop.mapred.LocalJobRunner - map > sort > 
INFO LocalJobRunner Map Task Executor #0 org.apache.hadoop.mapred.Task - Task:attempt_local1468410385_0002_m_000005_0 is done. And is in the process of committing
INFO LocalJobRunner Map Task Executor #0 org.apache.hadoop.mapred.LocalJobRunner - map > sort
INFO LocalJobRunner Map Task Executor #0 org.apache.hadoop.mapred.Task - Task 'attempt_local1468410385_0002_m_000005_0' done.
INFO LocalJobRunner Map Task Executor #0 org.apache.hadoop.mapred.Task - Final Counters for attempt_local1468410385_0002_m_000005_0: Counters: 17
	File System Counters
		FILE: Number of bytes read=846395855
		FILE: Number of bytes written=1442601309
		FILE: Number of read operations=0
		FILE: Number of large read operations=0
		FILE: Number of write operations=0
	Map-Reduce Framework
		Map input records=1806442
		Map output records=5419326
		Map output bytes=84957240
		Map output materialized bytes=95795898
		Input split bytes=182
		Combine input records=0
		Spilled Records=10838652
		Failed Shuffles=0
		Merged Map outputs=0
		GC time elapsed (ms)=52
		Total committed heap usage (bytes)=995098624
	File Input Format Counters 
		Bytes Read=33828864
INFO LocalJobRunner Map Task Executor #0 org.apache.hadoop.mapred.LocalJobRunner - Finishing task: attempt_local1468410385_0002_m_000005_0
INFO LocalJobRunner Map Task Executor #0 org.apache.hadoop.mapred.LocalJobRunner - Starting task: attempt_local1468410385_0002_m_000006_0
DEBUG LocalJobRunner Map Task Executor #0 org.apache.hadoop.mapred.SortedRanges - currentIndex 0   0:0
DEBUG LocalJobRunner Map Task Executor #0 org.apache.hadoop.mapred.LocalJobRunner - mapreduce.cluster.local.dir for child : /tmp/hadoop-songyanshan/mapred/local/localRunner//songyanshan/jobcache/job_local1468410385_0002/attempt_local1468410385_0002_m_000006_0
DEBUG LocalJobRunner Map Task Executor #0 org.apache.hadoop.mapred.Task - using new api for output committer
INFO LocalJobRunner Map Task Executor #0 org.apache.hadoop.mapreduce.lib.output.FileOutputCommitter - File Output Committer Algorithm version is 1
INFO LocalJobRunner Map Task Executor #0 org.apache.hadoop.yarn.util.ProcfsBasedProcessTree - ProcfsBasedProcessTree currently is supported only on Linux.
INFO LocalJobRunner Map Task Executor #0 org.apache.hadoop.mapred.Task -  Using ResourceCalculatorProcessTree : null
INFO LocalJobRunner Map Task Executor #0 org.apache.hadoop.mapred.MapTask - Processing split: file:/Users/songyanshan/Desktop/CS562 Database/Project/P2/TriangleCounting_Hadoop/src/main/naive_output1/part-r-00000:167772160+33554432
DEBUG LocalJobRunner Map Task Executor #0 org.apache.hadoop.mapred.MapTask - Trying map output collector class: org.apache.hadoop.mapred.MapTask$MapOutputBuffer
INFO LocalJobRunner Map Task Executor #0 org.apache.hadoop.mapred.MapTask - (EQUATOR) 0 kvi 26214396(104857584)
INFO LocalJobRunner Map Task Executor #0 org.apache.hadoop.mapred.MapTask - mapreduce.task.io.sort.mb: 100
INFO LocalJobRunner Map Task Executor #0 org.apache.hadoop.mapred.MapTask - soft limit at 83886080
INFO LocalJobRunner Map Task Executor #0 org.apache.hadoop.mapred.MapTask - bufstart = 0; bufvoid = 104857600
INFO LocalJobRunner Map Task Executor #0 org.apache.hadoop.mapred.MapTask - kvstart = 26214396; length = 6553600
INFO LocalJobRunner Map Task Executor #0 org.apache.hadoop.mapred.MapTask - Map output collector class = org.apache.hadoop.mapred.MapTask$MapOutputBuffer
INFO LocalJobRunner Map Task Executor #0 org.apache.hadoop.mapred.MapTask - Spilling map output
INFO LocalJobRunner Map Task Executor #0 org.apache.hadoop.mapred.MapTask - bufstart = 0; bufend = 40967520; bufvoid = 104857600
INFO LocalJobRunner Map Task Executor #0 org.apache.hadoop.mapred.MapTask - kvstart = 26214396(104857584); kvend = 15484764(61939056); length = 10729633/6553600
INFO LocalJobRunner Map Task Executor #0 org.apache.hadoop.mapred.MapTask - (EQUATOR) 51453280 kvi 12863316(51453264)
DEBUG Thread-3 org.apache.hadoop.mapreduce.lib.jobcontrol.JobControl - Checking state of job job name:	job2
job id:	jobCtrl1
job state:	RUNNING
job mapred id:	job_local1468410385_0002
job message:	just initialized
job has 1 dependeng jobs:
	 depending job 0:	job1

DEBUG Thread-3 org.apache.hadoop.security.UserGroupInformation - PrivilegedAction as:songyanshan (auth:SIMPLE) from:org.apache.hadoop.mapreduce.Job.updateStatus(Job.java:320)
INFO SpillThread org.apache.hadoop.mapred.MapTask - Finished spill 0
INFO LocalJobRunner Map Task Executor #0 org.apache.hadoop.mapred.MapTask - (RESET) equator 51453280 kv 12863316(51453264) kvi 10241884(40967536)
INFO LocalJobRunner Map Task Executor #0 org.apache.hadoop.mapred.MapTask - Spilling map output
INFO LocalJobRunner Map Task Executor #0 org.apache.hadoop.mapred.MapTask - bufstart = 51453280; bufend = 92707885; bufvoid = 104857600
INFO LocalJobRunner Map Task Executor #0 org.apache.hadoop.mapred.MapTask - kvstart = 12863316(51453264); kvend = 2205448(8821792); length = 10657869/6553600
INFO LocalJobRunner Map Task Executor #0 org.apache.hadoop.mapred.MapTask - (EQUATOR) 103193630 kvi 25798400(103193600)
INFO LocalJobRunner Map Task Executor #0 org.apache.hadoop.mapred.LocalJobRunner - 
INFO LocalJobRunner Map Task Executor #0 org.apache.hadoop.mapred.MapTask - Starting flush of map output
INFO communication thread org.apache.hadoop.mapred.LocalJobRunner - map > sort
DEBUG Thread-3 org.apache.hadoop.mapreduce.lib.jobcontrol.JobControl - Checking state of job job name:	job2
job id:	jobCtrl1
job state:	RUNNING
job mapred id:	job_local1468410385_0002
job message:	just initialized
job has 1 dependeng jobs:
	 depending job 0:	job1

DEBUG Thread-3 org.apache.hadoop.security.UserGroupInformation - PrivilegedAction as:songyanshan (auth:SIMPLE) from:org.apache.hadoop.mapreduce.Job.updateStatus(Job.java:320)
INFO SpillThread org.apache.hadoop.mapred.MapTask - Finished spill 1
INFO LocalJobRunner Map Task Executor #0 org.apache.hadoop.mapred.MapTask - (RESET) equator 103193630 kv 25798400(103193600) kvi 25087584(100350336)
INFO LocalJobRunner Map Task Executor #0 org.apache.hadoop.mapred.MapTask - Spilling map output
INFO LocalJobRunner Map Task Executor #0 org.apache.hadoop.mapred.MapTask - bufstart = 103193630; bufend = 1088733; bufvoid = 104857589
INFO LocalJobRunner Map Task Executor #0 org.apache.hadoop.mapred.MapTask - kvstart = 25798400(103193600); kvend = 25087588(100350352); length = 710813/6553600
INFO LocalJobRunner Map Task Executor #0 org.apache.hadoop.mapred.MapTask - Finished spill 2
DEBUG LocalJobRunner Map Task Executor #0 org.apache.hadoop.mapred.MapTask - MapId=attempt_local1468410385_0002_m_000006_0 Reducer=0Spill =0(0,46332340, 46332344)
DEBUG LocalJobRunner Map Task Executor #0 org.apache.hadoop.mapred.MapTask - MapId=attempt_local1468410385_0002_m_000006_0 Reducer=0Spill =1(0,46583543, 46583547)
DEBUG LocalJobRunner Map Task Executor #0 org.apache.hadoop.mapred.MapTask - MapId=attempt_local1468410385_0002_m_000006_0 Reducer=0Spill =2(0,3108102, 3108106)
INFO LocalJobRunner Map Task Executor #0 org.apache.hadoop.mapred.Merger - Merging 3 sorted segments
INFO LocalJobRunner Map Task Executor #0 org.apache.hadoop.mapred.Merger - Down to the last merge-pass, with 3 segments left of total size: 96023960 bytes
INFO communication thread org.apache.hadoop.mapred.LocalJobRunner - map > sort > 
INFO LocalJobRunner Map Task Executor #0 org.apache.hadoop.mapred.Task - Task:attempt_local1468410385_0002_m_000006_0 is done. And is in the process of committing
INFO LocalJobRunner Map Task Executor #0 org.apache.hadoop.mapred.LocalJobRunner - map > sort
INFO LocalJobRunner Map Task Executor #0 org.apache.hadoop.mapred.Task - Task 'attempt_local1468410385_0002_m_000006_0' done.
INFO LocalJobRunner Map Task Executor #0 org.apache.hadoop.mapred.Task - Final Counters for attempt_local1468410385_0002_m_000006_0: Counters: 17
	File System Counters
		FILE: Number of bytes read=976248993
		FILE: Number of bytes written=1634649323
		FILE: Number of read operations=0
		FILE: Number of large read operations=0
		FILE: Number of write operations=0
	Map-Reduce Framework
		Map input records=1841527
		Map output records=5524581
		Map output bytes=84974817
		Map output materialized bytes=96023985
		Input split bytes=182
		Combine input records=0
		Spilled Records=11049162
		Failed Shuffles=0
		Merged Map outputs=0
		GC time elapsed (ms)=136
		Total committed heap usage (bytes)=957349888
	File Input Format Counters 
		Bytes Read=33828864
INFO LocalJobRunner Map Task Executor #0 org.apache.hadoop.mapred.LocalJobRunner - Finishing task: attempt_local1468410385_0002_m_000006_0
INFO Thread-47 org.apache.hadoop.mapred.LocalJobRunner - map task executor complete.
DEBUG Thread-47 org.apache.hadoop.mapred.LocalJobRunner - Starting reduce thread pool executor.
DEBUG Thread-47 org.apache.hadoop.mapred.LocalJobRunner - Max local threads: 1
DEBUG Thread-47 org.apache.hadoop.mapred.LocalJobRunner - Reduce tasks to process: 1
INFO Thread-47 org.apache.hadoop.mapred.LocalJobRunner - Waiting for reduce tasks
INFO pool-6-thread-1 org.apache.hadoop.mapred.LocalJobRunner - Starting task: attempt_local1468410385_0002_r_000000_0
DEBUG pool-6-thread-1 org.apache.hadoop.mapred.SortedRanges - currentIndex 0   0:0
DEBUG pool-6-thread-1 org.apache.hadoop.mapred.LocalJobRunner - mapreduce.cluster.local.dir for child : /tmp/hadoop-songyanshan/mapred/local/localRunner//songyanshan/jobcache/job_local1468410385_0002/attempt_local1468410385_0002_r_000000_0
DEBUG pool-6-thread-1 org.apache.hadoop.mapred.Task - using new api for output committer
INFO pool-6-thread-1 org.apache.hadoop.mapreduce.lib.output.FileOutputCommitter - File Output Committer Algorithm version is 1
INFO pool-6-thread-1 org.apache.hadoop.yarn.util.ProcfsBasedProcessTree - ProcfsBasedProcessTree currently is supported only on Linux.
INFO pool-6-thread-1 org.apache.hadoop.mapred.Task -  Using ResourceCalculatorProcessTree : null
INFO pool-6-thread-1 org.apache.hadoop.mapred.ReduceTask - Using ShuffleConsumerPlugin: org.apache.hadoop.mapreduce.task.reduce.Shuffle@719327ef
INFO pool-6-thread-1 org.apache.hadoop.mapreduce.task.reduce.MergeManagerImpl - MergerManager: memoryLimit=1336252800, maxSingleShuffleLimit=334063200, mergeThreshold=881926912, ioSortFactor=10, memToMemMergeOutputsThreshold=10
INFO EventFetcher for fetching Map Completion Events org.apache.hadoop.mapreduce.task.reduce.EventFetcher - attempt_local1468410385_0002_r_000000_0 Thread started: EventFetcher for fetching Map Completion Events
DEBUG EventFetcher for fetching Map Completion Events org.apache.hadoop.mapreduce.task.reduce.EventFetcher - Got 0 map completion events from 0
DEBUG EventFetcher for fetching Map Completion Events org.apache.hadoop.mapreduce.task.reduce.EventFetcher - GetMapEventsThread about to sleep for 1000
DEBUG localfetcher#2 org.apache.hadoop.mapreduce.task.reduce.LocalFetcher - LocalFetcher 2 going to fetch: attempt_local1468410385_0002_m_000000_0
DEBUG localfetcher#2 org.apache.hadoop.mapreduce.task.reduce.MergeManagerImpl - attempt_local1468410385_0002_m_000000_0: Proceeding with shuffle since usedMemory (0) is lesser than memoryLimit (1336252800).CommitMemory is (0)
INFO localfetcher#2 org.apache.hadoop.mapreduce.task.reduce.LocalFetcher - localfetcher#2 about to shuffle output of map attempt_local1468410385_0002_m_000000_0 decomp: 102322537 len: 102322541 to MEMORY
INFO localfetcher#2 org.apache.hadoop.mapreduce.task.reduce.InMemoryMapOutput - Read 102322537 bytes from map-output for attempt_local1468410385_0002_m_000000_0
INFO localfetcher#2 org.apache.hadoop.mapreduce.task.reduce.MergeManagerImpl - closeInMemoryFile -> map-output of size: 102322537, inMemoryMapOutputs.size() -> 1, commitMemory -> 0, usedMemory ->102322537
DEBUG localfetcher#2 org.apache.hadoop.mapreduce.task.reduce.ShuffleSchedulerImpl - map attempt_local1468410385_0002_m_000000_0 done 1 / 7 copied.
DEBUG localfetcher#2 org.apache.hadoop.mapreduce.task.reduce.LocalFetcher - LocalFetcher 2 going to fetch: attempt_local1468410385_0002_m_000003_0
DEBUG localfetcher#2 org.apache.hadoop.mapreduce.task.reduce.MergeManagerImpl - attempt_local1468410385_0002_m_000003_0: Proceeding with shuffle since usedMemory (102322537) is lesser than memoryLimit (1336252800).CommitMemory is (102322537)
INFO localfetcher#2 org.apache.hadoop.mapreduce.task.reduce.LocalFetcher - localfetcher#2 about to shuffle output of map attempt_local1468410385_0002_m_000003_0 decomp: 95246164 len: 95246168 to MEMORY
INFO localfetcher#2 org.apache.hadoop.mapreduce.task.reduce.InMemoryMapOutput - Read 95246164 bytes from map-output for attempt_local1468410385_0002_m_000003_0
INFO localfetcher#2 org.apache.hadoop.mapreduce.task.reduce.MergeManagerImpl - closeInMemoryFile -> map-output of size: 95246164, inMemoryMapOutputs.size() -> 2, commitMemory -> 102322537, usedMemory ->197568701
DEBUG localfetcher#2 org.apache.hadoop.mapreduce.task.reduce.ShuffleSchedulerImpl - map attempt_local1468410385_0002_m_000003_0 done 2 / 7 copied.
DEBUG localfetcher#2 org.apache.hadoop.mapreduce.task.reduce.LocalFetcher - LocalFetcher 2 going to fetch: attempt_local1468410385_0002_m_000006_0
DEBUG localfetcher#2 org.apache.hadoop.mapreduce.task.reduce.MergeManagerImpl - attempt_local1468410385_0002_m_000006_0: Proceeding with shuffle since usedMemory (197568701) is lesser than memoryLimit (1336252800).CommitMemory is (197568701)
INFO localfetcher#2 org.apache.hadoop.mapreduce.task.reduce.LocalFetcher - localfetcher#2 about to shuffle output of map attempt_local1468410385_0002_m_000006_0 decomp: 96023981 len: 96023985 to MEMORY
INFO localfetcher#2 org.apache.hadoop.mapreduce.task.reduce.InMemoryMapOutput - Read 96023981 bytes from map-output for attempt_local1468410385_0002_m_000006_0
INFO localfetcher#2 org.apache.hadoop.mapreduce.task.reduce.MergeManagerImpl - closeInMemoryFile -> map-output of size: 96023981, inMemoryMapOutputs.size() -> 3, commitMemory -> 197568701, usedMemory ->293592682
DEBUG localfetcher#2 org.apache.hadoop.mapreduce.task.reduce.ShuffleSchedulerImpl - map attempt_local1468410385_0002_m_000006_0 done 3 / 7 copied.
DEBUG localfetcher#2 org.apache.hadoop.mapreduce.task.reduce.LocalFetcher - LocalFetcher 2 going to fetch: attempt_local1468410385_0002_m_000001_0
DEBUG localfetcher#2 org.apache.hadoop.mapreduce.task.reduce.MergeManagerImpl - attempt_local1468410385_0002_m_000001_0: Proceeding with shuffle since usedMemory (293592682) is lesser than memoryLimit (1336252800).CommitMemory is (293592682)
INFO localfetcher#2 org.apache.hadoop.mapreduce.task.reduce.LocalFetcher - localfetcher#2 about to shuffle output of map attempt_local1468410385_0002_m_000001_0 decomp: 95595539 len: 95595543 to MEMORY
INFO localfetcher#2 org.apache.hadoop.mapreduce.task.reduce.InMemoryMapOutput - Read 95595539 bytes from map-output for attempt_local1468410385_0002_m_000001_0
INFO localfetcher#2 org.apache.hadoop.mapreduce.task.reduce.MergeManagerImpl - closeInMemoryFile -> map-output of size: 95595539, inMemoryMapOutputs.size() -> 4, commitMemory -> 293592682, usedMemory ->389188221
DEBUG localfetcher#2 org.apache.hadoop.mapreduce.task.reduce.ShuffleSchedulerImpl - map attempt_local1468410385_0002_m_000001_0 done 4 / 7 copied.
DEBUG localfetcher#2 org.apache.hadoop.mapreduce.task.reduce.LocalFetcher - LocalFetcher 2 going to fetch: attempt_local1468410385_0002_m_000004_0
DEBUG localfetcher#2 org.apache.hadoop.mapreduce.task.reduce.MergeManagerImpl - attempt_local1468410385_0002_m_000004_0: Proceeding with shuffle since usedMemory (389188221) is lesser than memoryLimit (1336252800).CommitMemory is (389188221)
INFO localfetcher#2 org.apache.hadoop.mapreduce.task.reduce.LocalFetcher - localfetcher#2 about to shuffle output of map attempt_local1468410385_0002_m_000004_0 decomp: 95593941 len: 95593945 to MEMORY
INFO localfetcher#2 org.apache.hadoop.mapreduce.task.reduce.InMemoryMapOutput - Read 95593941 bytes from map-output for attempt_local1468410385_0002_m_000004_0
INFO localfetcher#2 org.apache.hadoop.mapreduce.task.reduce.MergeManagerImpl - closeInMemoryFile -> map-output of size: 95593941, inMemoryMapOutputs.size() -> 5, commitMemory -> 389188221, usedMemory ->484782162
DEBUG localfetcher#2 org.apache.hadoop.mapreduce.task.reduce.ShuffleSchedulerImpl - map attempt_local1468410385_0002_m_000004_0 done 5 / 7 copied.
DEBUG localfetcher#2 org.apache.hadoop.mapreduce.task.reduce.LocalFetcher - LocalFetcher 2 going to fetch: attempt_local1468410385_0002_m_000005_0
DEBUG localfetcher#2 org.apache.hadoop.mapreduce.task.reduce.MergeManagerImpl - attempt_local1468410385_0002_m_000005_0: Proceeding with shuffle since usedMemory (484782162) is lesser than memoryLimit (1336252800).CommitMemory is (484782162)
INFO localfetcher#2 org.apache.hadoop.mapreduce.task.reduce.LocalFetcher - localfetcher#2 about to shuffle output of map attempt_local1468410385_0002_m_000005_0 decomp: 95795894 len: 95795898 to MEMORY
INFO localfetcher#2 org.apache.hadoop.mapreduce.task.reduce.InMemoryMapOutput - Read 95795894 bytes from map-output for attempt_local1468410385_0002_m_000005_0
INFO localfetcher#2 org.apache.hadoop.mapreduce.task.reduce.MergeManagerImpl - closeInMemoryFile -> map-output of size: 95795894, inMemoryMapOutputs.size() -> 6, commitMemory -> 484782162, usedMemory ->580578056
DEBUG localfetcher#2 org.apache.hadoop.mapreduce.task.reduce.ShuffleSchedulerImpl - map attempt_local1468410385_0002_m_000005_0 done 6 / 7 copied.
DEBUG localfetcher#2 org.apache.hadoop.mapreduce.task.reduce.LocalFetcher - LocalFetcher 2 going to fetch: attempt_local1468410385_0002_m_000002_0
DEBUG localfetcher#2 org.apache.hadoop.mapreduce.task.reduce.MergeManagerImpl - attempt_local1468410385_0002_m_000002_0: Proceeding with shuffle since usedMemory (580578056) is lesser than memoryLimit (1336252800).CommitMemory is (580578056)
INFO localfetcher#2 org.apache.hadoop.mapreduce.task.reduce.LocalFetcher - localfetcher#2 about to shuffle output of map attempt_local1468410385_0002_m_000002_0 decomp: 95715840 len: 95715844 to MEMORY
INFO localfetcher#2 org.apache.hadoop.mapreduce.task.reduce.InMemoryMapOutput - Read 95715840 bytes from map-output for attempt_local1468410385_0002_m_000002_0
INFO localfetcher#2 org.apache.hadoop.mapreduce.task.reduce.MergeManagerImpl - closeInMemoryFile -> map-output of size: 95715840, inMemoryMapOutputs.size() -> 7, commitMemory -> 580578056, usedMemory ->676293896
DEBUG localfetcher#2 org.apache.hadoop.mapreduce.task.reduce.ShuffleSchedulerImpl - map attempt_local1468410385_0002_m_000002_0 done 7 / 7 copied.
INFO EventFetcher for fetching Map Completion Events org.apache.hadoop.mapreduce.task.reduce.EventFetcher - EventFetcher is interrupted.. Returning
INFO pool-6-thread-1 org.apache.hadoop.mapred.LocalJobRunner - 7 / 7 copied.
INFO pool-6-thread-1 org.apache.hadoop.mapreduce.task.reduce.MergeManagerImpl - finalMerge called with 7 in-memory map-outputs and 0 on-disk map-outputs
INFO pool-6-thread-1 org.apache.hadoop.mapred.Merger - Merging 7 sorted segments
INFO pool-6-thread-1 org.apache.hadoop.mapred.Merger - Down to the last merge-pass, with 7 segments left of total size: 676293823 bytes
DEBUG Thread-3 org.apache.hadoop.mapreduce.lib.jobcontrol.JobControl - Checking state of job job name:	job2
job id:	jobCtrl1
job state:	RUNNING
job mapred id:	job_local1468410385_0002
job message:	just initialized
job has 1 dependeng jobs:
	 depending job 0:	job1

DEBUG Thread-3 org.apache.hadoop.security.UserGroupInformation - PrivilegedAction as:songyanshan (auth:SIMPLE) from:org.apache.hadoop.mapreduce.Job.updateStatus(Job.java:320)
INFO communication thread org.apache.hadoop.mapred.LocalJobRunner - reduce > sort
DEBUG Thread-3 org.apache.hadoop.mapreduce.lib.jobcontrol.JobControl - Checking state of job job name:	job2
job id:	jobCtrl1
job state:	RUNNING
job mapred id:	job_local1468410385_0002
job message:	just initialized
job has 1 dependeng jobs:
	 depending job 0:	job1

DEBUG Thread-3 org.apache.hadoop.security.UserGroupInformation - PrivilegedAction as:songyanshan (auth:SIMPLE) from:org.apache.hadoop.mapreduce.Job.updateStatus(Job.java:320)
INFO communication thread org.apache.hadoop.mapred.LocalJobRunner - reduce > sort
INFO pool-6-thread-1 org.apache.hadoop.mapreduce.task.reduce.MergeManagerImpl - Merged 7 segments, 676293896 bytes to disk to satisfy reduce memory limit
DEBUG pool-6-thread-1 org.apache.hadoop.mapreduce.task.reduce.MergeManagerImpl - Disk file: /tmp/hadoop-songyanshan/mapred/local/localRunner/songyanshan/jobcache/job_local1468410385_0002/attempt_local1468410385_0002_r_000000_0/output/map_3.out.merged Length is 676293888
INFO pool-6-thread-1 org.apache.hadoop.mapreduce.task.reduce.MergeManagerImpl - Merging 1 files, 676293888 bytes from disk
INFO pool-6-thread-1 org.apache.hadoop.mapreduce.task.reduce.MergeManagerImpl - Merging 0 segments, 0 bytes from memory into reduce
INFO pool-6-thread-1 org.apache.hadoop.mapred.Merger - Merging 1 sorted segments
INFO pool-6-thread-1 org.apache.hadoop.mapred.Merger - Down to the last merge-pass, with 1 segments left of total size: 676293873 bytes
INFO pool-6-thread-1 org.apache.hadoop.mapred.LocalJobRunner - reduce > sort
INFO communication thread org.apache.hadoop.mapred.LocalJobRunner - reduce > reduce
DEBUG Thread-3 org.apache.hadoop.mapreduce.lib.jobcontrol.JobControl - Checking state of job job name:	job2
job id:	jobCtrl1
job state:	RUNNING
job mapred id:	job_local1468410385_0002
job message:	just initialized
job has 1 dependeng jobs:
	 depending job 0:	job1

DEBUG Thread-3 org.apache.hadoop.security.UserGroupInformation - PrivilegedAction as:songyanshan (auth:SIMPLE) from:org.apache.hadoop.mapreduce.Job.updateStatus(Job.java:320)
INFO communication thread org.apache.hadoop.mapred.LocalJobRunner - reduce > reduce
DEBUG Thread-3 org.apache.hadoop.mapreduce.lib.jobcontrol.JobControl - Checking state of job job name:	job2
job id:	jobCtrl1
job state:	RUNNING
job mapred id:	job_local1468410385_0002
job message:	just initialized
job has 1 dependeng jobs:
	 depending job 0:	job1

DEBUG Thread-3 org.apache.hadoop.security.UserGroupInformation - PrivilegedAction as:songyanshan (auth:SIMPLE) from:org.apache.hadoop.mapreduce.Job.updateStatus(Job.java:320)
INFO communication thread org.apache.hadoop.mapred.LocalJobRunner - reduce > reduce
INFO communication thread org.apache.hadoop.mapred.LocalJobRunner - reduce > reduce
DEBUG Thread-3 org.apache.hadoop.mapreduce.lib.jobcontrol.JobControl - Checking state of job job name:	job2
job id:	jobCtrl1
job state:	RUNNING
job mapred id:	job_local1468410385_0002
job message:	just initialized
job has 1 dependeng jobs:
	 depending job 0:	job1

DEBUG Thread-3 org.apache.hadoop.security.UserGroupInformation - PrivilegedAction as:songyanshan (auth:SIMPLE) from:org.apache.hadoop.mapreduce.Job.updateStatus(Job.java:320)
INFO communication thread org.apache.hadoop.mapred.LocalJobRunner - reduce > reduce
INFO pool-6-thread-1 org.apache.hadoop.mapred.Task - Task:attempt_local1468410385_0002_r_000000_0 is done. And is in the process of committing
INFO pool-6-thread-1 org.apache.hadoop.mapred.LocalJobRunner - reduce > reduce
INFO pool-6-thread-1 org.apache.hadoop.mapred.Task - Task attempt_local1468410385_0002_r_000000_0 is allowed to commit now
INFO pool-6-thread-1 org.apache.hadoop.mapreduce.lib.output.FileOutputCommitter - Saved output of task 'attempt_local1468410385_0002_r_000000_0' to file:/Users/songyanshan/Desktop/CS562 Database/Project/P2/TriangleCounting_Hadoop/src/main/naive_output2/_temporary/0/task_local1468410385_0002_r_000000
INFO pool-6-thread-1 org.apache.hadoop.mapred.LocalJobRunner - reduce > reduce
INFO pool-6-thread-1 org.apache.hadoop.mapred.Task - Task 'attempt_local1468410385_0002_r_000000_0' done.
INFO pool-6-thread-1 org.apache.hadoop.mapred.Task - Final Counters for attempt_local1468410385_0002_r_000000_0: Counters: 24
	File System Counters
		FILE: Number of bytes read=2328837029
		FILE: Number of bytes written=2310943245
		FILE: Number of read operations=0
		FILE: Number of large read operations=0
		FILE: Number of write operations=0
	Map-Reduce Framework
		Combine input records=0
		Combine output records=0
		Reduce input groups=7806504
		Reduce shuffle bytes=676293924
		Reduce input records=37532130
		Reduce output records=1
		Spilled Records=37532130
		Shuffled Maps =7
		Failed Shuffles=0
		Merged Map outputs=7
		GC time elapsed (ms)=371
		Total committed heap usage (bytes)=1185939456
	Shuffle Errors
		BAD_ID=0
		CONNECTION=0
		IO_ERROR=0
		WRONG_LENGTH=0
		WRONG_MAP=0
		WRONG_REDUCE=0
	File Output Format Counters 
		Bytes Written=34
INFO pool-6-thread-1 org.apache.hadoop.mapred.LocalJobRunner - Finishing task: attempt_local1468410385_0002_r_000000_0
INFO Thread-47 org.apache.hadoop.mapred.LocalJobRunner - reduce task executor complete.
DEBUG Thread-47 org.apache.hadoop.mapreduce.lib.output.FileOutputCommitter - Merging data from DeprecatedRawLocalFileStatus{path=file:/Users/songyanshan/Desktop/CS562 Database/Project/P2/TriangleCounting_Hadoop/src/main/naive_output2/_temporary/0/task_local1468410385_0002_r_000000; isDirectory=true; modification_time=1588369720000; access_time=0; owner=; group=; permission=rwxrwxrwx; isSymlink=false} to file:/Users/songyanshan/Desktop/CS562 Database/Project/P2/TriangleCounting_Hadoop/src/main/naive_output2
DEBUG Thread-47 org.apache.hadoop.mapreduce.lib.output.FileOutputCommitter - Merging data from DeprecatedRawLocalFileStatus{path=file:/Users/songyanshan/Desktop/CS562 Database/Project/P2/TriangleCounting_Hadoop/src/main/naive_output2/_temporary/0/task_local1468410385_0002_r_000000/part-r-00000; isDirectory=false; length=22; replication=1; blocksize=33554432; modification_time=1588369733000; access_time=0; owner=; group=; permission=rw-rw-rw-; isSymlink=false} to file:/Users/songyanshan/Desktop/CS562 Database/Project/P2/TriangleCounting_Hadoop/src/main/naive_output2/part-r-00000
DEBUG Thread-47 org.apache.hadoop.security.UserGroupInformation - PrivilegedAction as:songyanshan (auth:SIMPLE) from:org.apache.hadoop.fs.FileContext.getAbstractFileSystem(FileContext.java:331)
DEBUG Thread-3 org.apache.hadoop.mapreduce.lib.jobcontrol.JobControl - Checking state of job job name:	job2
job id:	jobCtrl1
job state:	RUNNING
job mapred id:	job_local1468410385_0002
job message:	just initialized
job has 1 dependeng jobs:
	 depending job 0:	job1

DEBUG Thread-3 org.apache.hadoop.security.UserGroupInformation - PrivilegedAction as:songyanshan (auth:SIMPLE) from:org.apache.hadoop.mapreduce.Job.updateStatus(Job.java:320)
DEBUG Thread-3 org.apache.hadoop.security.UserGroupInformation - PrivilegedAction as:songyanshan (auth:SIMPLE) from:org.apache.hadoop.mapreduce.Job.updateStatus(Job.java:320)
